<?xml version="1.0" encoding="UTF-8"?>
<!-- Generated by org.testng.reporters.JUnitReportReporter -->
<testsuite skipped="0" hostname="Olega" name="eis.com.dev.regression.TestClass1" tests="2" failures="0" timestamp="2019-09-20T23:22:22 MSK" time="0.014" errors="0">
  <testcase name="test1" time="0.014" classname="eis.com.dev.regression.TestClass1"/>
  <testcase name="test2" time="0.000" classname="eis.com.dev.regression.TestClass1"/>
</testsuite> <!-- eis.com.dev.regression.TestClass1 -->
